\o Program:		@(#)$CDS: libManager version 6.1.8 - CAT37 06/21/2022 12:53 (cpgsrv12) $
\o Sub version:		sub-version  s266 
\o Arguments:		-mpssession virtuoso3993139 -mpshost lab1-20.eng.utah.edu 
\o Working Directory:	lab1-20.eng.utah.edu:/home/u1367608/cs6710/VSLI_Project/tsmc_template/virtuoso
\o 64-bit offsets
\o Qt version: 		5.9.1
\o Log file is "/home/u1367608/cs6710/VSLI_Project/tsmc_template/virtuoso/libManager.log".
\o Opening libManager window.
\a nrSetCurrentWindow(cdsLibManager)
\a cdsLibManager->libSearchSubstringButton->value = t
\a nrResizeWindow(cdsLibManager list(213 72 846 410))
\o changeWorkingDir("/home/u1367608/cs6710/VSLI_Project/tsmc_template/virtuoso") unnecessary.
\o ddSetForcedLib("") unnecessary.
\o MPS service: map window
\w Warning: LIB sixteencpu from File /home/u1367608/cs6710/VSLI_Project/tsmc_template/virtuoso/cds.lib Line 14 redefines
\w LIB sixteencpu from the same file (defined earlier.)
\w Warning: LIB 16bitcpu from File /home/u1367608/cs6710/VSLI_Project/tsmc_template/virtuoso/cds.lib Line 17 redefines
\w LIB 16bitcpu from the same file (defined earlier.)
\w Warning: LIB 16bitcpu from File /home/u1367608/cs6710/VSLI_Project/tsmc_template/virtuoso/cds.lib Line 18 redefines
\w LIB 16bitcpu from the same file (defined earlier.)
\w Warning: The directory: '/home/u1367608/cs6710/VSLI_Project/tsmc_template/virtuoso/sixteenbit' does not exist
\w 	but was defined in libFile '/home/u1367608/cs6710/VSLI_Project/tsmc_template/virtuoso/cds.lib' for Lib 'sixteenbit'.
\w Warning: The directory: '/home/u1367608/cs6710/VSLI_Project/tsmc_template/virtuoso/sixteencpu' does not exist
\w 	but was defined in libFile '/home/u1367608/cs6710/VSLI_Project/tsmc_template/virtuoso/cds.lib' for Lib 'sixteencpu'.
\w Warning: The directory: '/home/u1367608/cs6710/VSLI_Project/tsmc_template/virtuoso/cpusixteen' does not exist
\w 	but was defined in libFile '/home/u1367608/cs6710/VSLI_Project/tsmc_template/virtuoso/cds.lib' for Lib 'cpusixteen'.
\o Library Manager customization server connected.
\a cdsLibManager->libListBox->value = "16bitcpu"
\a cdsLibManager->libLineEdit->value = "16bitcpu"
\a cdsLibManager->cellListBox->value = "16bitcpu"
\a cdsLibManager->cellLineEdit->value = "16bitcpu"
\a cdsLibManager->viewListBox->value = "layout"
\a cdsLibManager->viewLineEdit->value = "layout"
\a cdsLibManager->viewListBox->value = nil
\a cdsLibManager->viewLineEdit->value = ""
\a cdsLibManager->viewListBox->value = "layout"
\a cdsLibManager->viewLineEdit->value = "layout"
\o MPS request: edit design
\a nrListItemAction(cdsLibManager->gdmXTView 0 0)
\a cdsLibManager->libListBox->value = nil
\a cdsLibManager->libLineEdit->value = ""
\a cdsLibManager->cellListBox->value = nil
\a cdsLibManager->viewLineEdit->value = ""
\a cdsLibManager->viewListBox->value = nil
\a cdsLibManager->cellLineEdit->value = ""
\w Warning: LIB sixteencpu from File /home/u1367608/cs6710/VSLI_Project/tsmc_template/virtuoso/cds.lib Line 14 redefines
\w LIB sixteencpu from the same file (defined earlier.)
\w Warning: LIB 16bitcpu from File /home/u1367608/cs6710/VSLI_Project/tsmc_template/virtuoso/cds.lib Line 17 redefines
\w LIB 16bitcpu from the same file (defined earlier.)
\w Warning: LIB 16bitcpu from File /home/u1367608/cs6710/VSLI_Project/tsmc_template/virtuoso/cds.lib Line 18 redefines
\w LIB 16bitcpu from the same file (defined earlier.)
\w Warning: The directory: '/home/u1367608/cs6710/VSLI_Project/tsmc_template/virtuoso/sixteenbit' does not exist
\w 	but was defined in libFile '/home/u1367608/cs6710/VSLI_Project/tsmc_template/virtuoso/cds.lib' for Lib 'sixteenbit'.
\w Warning: The directory: '/home/u1367608/cs6710/VSLI_Project/tsmc_template/virtuoso/sixteencpu' does not exist
\w 	but was defined in libFile '/home/u1367608/cs6710/VSLI_Project/tsmc_template/virtuoso/cds.lib' for Lib 'sixteencpu'.
\w Warning: The directory: '/home/u1367608/cs6710/VSLI_Project/tsmc_template/virtuoso/cpusixteen' does not exist
\w 	but was defined in libFile '/home/u1367608/cs6710/VSLI_Project/tsmc_template/virtuoso/cds.lib' for Lib 'cpusixteen'.
\a cdsLibManager->libListBox->value = "16bitcpu"
\a cdsLibManager->libLineEdit->value = "16bitcpu"
\a cdsLibManager->cellListBox->value = "16bitcpu"
\a cdsLibManager->cellLineEdit->value = "16bitcpu"
\a cdsLibManager->viewListBox->value = "layout"
\a cdsLibManager->viewLineEdit->value = "layout"
\a cdsLibManager->viewLineEdit->value = ""
\a cdsLibManager->viewListBox->value = nil
\a cdsLibManager->viewListBox->value = "layout"
\a cdsLibManager->viewLineEdit->value = "layout"
\a nrSetCurrentWindow(cdsLibManager)
\a nrSetCurrentWindow(cdsLibManager)
\a nrSetCurrentWindow(cdsLibManager)
\a nrSetCurrentWindow(cdsLibManager)
\a nrSetCurrentWindow(cdsLibManager)
\a cdsLibManager->cellLineEdit->value = ""
\a cdsLibManager->cellListBox->value = nil
\a cdsLibManager->viewLineEdit->value = ""
\a cdsLibManager->viewListBox->value = nil
\a cdsLibManager->libLineEdit->value = ""
\a cdsLibManager->libListBox->value = nil
\a cdsLibManager->libListBox->value = "16bitcpu"
\a cdsLibManager->libLineEdit->value = "16bitcpu"
\a cdsLibManager->cellListBox->value = "16bitcpu"
\a cdsLibManager->cellLineEdit->value = "16bitcpu"
\a cdsLibManager->viewListBox->value = "layout"
\a cdsLibManager->viewLineEdit->value = "layout"
\a nrSetCurrentWindow(cdsLibManager)
\a nrSetWindowVisibility(cdsLibManager "hide")
\a nrSetWindowVisibility(cdsLibManager "show")
\a nrSetCurrentWindow(cdsLibManager)
\a nrSetCurrentWindow(cdsLibManager)
\a cdsLibManager->cellLineEdit->value = ""
\a cdsLibManager->cellListBox->value = nil
\a cdsLibManager->viewLineEdit->value = ""
\a cdsLibManager->viewListBox->value = nil
\a cdsLibManager->cellListBox->value = "16bitcpu"
\a cdsLibManager->cellLineEdit->value = "16bitcpu"
\a cdsLibManager->viewListBox->value = "layout"
\a cdsLibManager->viewLineEdit->value = "layout"
\a cdsLibManager->cellListBox->value = "arrozYlecheCPU"
\a cdsLibManager->cellLineEdit->value = "arrozYlecheCPU"
\a cdsLibManager->viewLineEdit->value = ""
\a cdsLibManager->viewListBox->value = nil
\a cdsLibManager->cellListBox->value = "16bitcpu"
\a cdsLibManager->cellLineEdit->value = "16bitcpu"
\a cdsLibManager->viewListBox->value = "layout"
\a cdsLibManager->viewLineEdit->value = "layout"
\o Cell filter set to "1"
\a cdsLibManager->libListBox->value = nil
\a cdsLibManager->libLineEdit->value = ""
\a cdsLibManager->cellListBox->value = nil
\a cdsLibManager->viewLineEdit->value = ""
\a cdsLibManager->viewListBox->value = nil
\a cdsLibManager->cellLineEdit->value = ""
\w Warning: LIB sixteencpu from File /home/u1367608/cs6710/VSLI_Project/tsmc_template/virtuoso/cds.lib Line 14 redefines
\w LIB sixteencpu from the same file (defined earlier.)
\w Warning: LIB 16bitcpu from File /home/u1367608/cs6710/VSLI_Project/tsmc_template/virtuoso/cds.lib Line 17 redefines
\w LIB 16bitcpu from the same file (defined earlier.)
\w Warning: LIB 16bitcpu from File /home/u1367608/cs6710/VSLI_Project/tsmc_template/virtuoso/cds.lib Line 18 redefines
\w LIB 16bitcpu from the same file (defined earlier.)
\w Warning: The directory: '/home/u1367608/cs6710/VSLI_Project/tsmc_template/virtuoso/sixteenbit' does not exist
\w 	but was defined in libFile '/home/u1367608/cs6710/VSLI_Project/tsmc_template/virtuoso/cds.lib' for Lib 'sixteenbit'.
\w Warning: The directory: '/home/u1367608/cs6710/VSLI_Project/tsmc_template/virtuoso/sixteencpu' does not exist
\w 	but was defined in libFile '/home/u1367608/cs6710/VSLI_Project/tsmc_template/virtuoso/cds.lib' for Lib 'sixteencpu'.
\w Warning: The directory: '/home/u1367608/cs6710/VSLI_Project/tsmc_template/virtuoso/cpusixteen' does not exist
\w 	but was defined in libFile '/home/u1367608/cs6710/VSLI_Project/tsmc_template/virtuoso/cds.lib' for Lib 'cpusixteen'.
\a cdsLibManager->libListBox->value = "16bitcpu"
\a cdsLibManager->libLineEdit->value = "16bitcpu"
\a _lmSetFilter( 'cell "1")
\o Cell filter set to "16bit"
\a cdsLibManager->libListBox->value = nil
\a cdsLibManager->libLineEdit->value = ""
\w Warning: LIB sixteencpu from File /home/u1367608/cs6710/VSLI_Project/tsmc_template/virtuoso/cds.lib Line 14 redefines
\w LIB sixteencpu from the same file (defined earlier.)
\w Warning: LIB 16bitcpu from File /home/u1367608/cs6710/VSLI_Project/tsmc_template/virtuoso/cds.lib Line 17 redefines
\w LIB 16bitcpu from the same file (defined earlier.)
\w Warning: LIB 16bitcpu from File /home/u1367608/cs6710/VSLI_Project/tsmc_template/virtuoso/cds.lib Line 18 redefines
\w LIB 16bitcpu from the same file (defined earlier.)
\w Warning: The directory: '/home/u1367608/cs6710/VSLI_Project/tsmc_template/virtuoso/sixteenbit' does not exist
\w 	but was defined in libFile '/home/u1367608/cs6710/VSLI_Project/tsmc_template/virtuoso/cds.lib' for Lib 'sixteenbit'.
\w Warning: The directory: '/home/u1367608/cs6710/VSLI_Project/tsmc_template/virtuoso/sixteencpu' does not exist
\w 	but was defined in libFile '/home/u1367608/cs6710/VSLI_Project/tsmc_template/virtuoso/cds.lib' for Lib 'sixteencpu'.
\w Warning: The directory: '/home/u1367608/cs6710/VSLI_Project/tsmc_template/virtuoso/cpusixteen' does not exist
\w 	but was defined in libFile '/home/u1367608/cs6710/VSLI_Project/tsmc_template/virtuoso/cds.lib' for Lib 'cpusixteen'.
\a cdsLibManager->libListBox->value = "16bitcpu"
\a cdsLibManager->libLineEdit->value = "16bitcpu"
\a _lmSetFilter( 'cell "16bit")
\o Cell filter set to "16bitcpu"
\a cdsLibManager->libListBox->value = nil
\a cdsLibManager->libLineEdit->value = ""
\w Warning: LIB sixteencpu from File /home/u1367608/cs6710/VSLI_Project/tsmc_template/virtuoso/cds.lib Line 14 redefines
\w LIB sixteencpu from the same file (defined earlier.)
\w Warning: LIB 16bitcpu from File /home/u1367608/cs6710/VSLI_Project/tsmc_template/virtuoso/cds.lib Line 17 redefines
\w LIB 16bitcpu from the same file (defined earlier.)
\w Warning: LIB 16bitcpu from File /home/u1367608/cs6710/VSLI_Project/tsmc_template/virtuoso/cds.lib Line 18 redefines
\w LIB 16bitcpu from the same file (defined earlier.)
\w Warning: The directory: '/home/u1367608/cs6710/VSLI_Project/tsmc_template/virtuoso/sixteenbit' does not exist
\w 	but was defined in libFile '/home/u1367608/cs6710/VSLI_Project/tsmc_template/virtuoso/cds.lib' for Lib 'sixteenbit'.
\w Warning: The directory: '/home/u1367608/cs6710/VSLI_Project/tsmc_template/virtuoso/sixteencpu' does not exist
\w 	but was defined in libFile '/home/u1367608/cs6710/VSLI_Project/tsmc_template/virtuoso/cds.lib' for Lib 'sixteencpu'.
\w Warning: The directory: '/home/u1367608/cs6710/VSLI_Project/tsmc_template/virtuoso/cpusixteen' does not exist
\w 	but was defined in libFile '/home/u1367608/cs6710/VSLI_Project/tsmc_template/virtuoso/cds.lib' for Lib 'cpusixteen'.
\a cdsLibManager->libListBox->value = "16bitcpu"
\a cdsLibManager->libLineEdit->value = "16bitcpu"
\a cdsLibManager->cellListBox->value = "16bitcpu"
\a cdsLibManager->cellLineEdit->value = "16bitcpu"
\a cdsLibManager->viewListBox->value = "layout"
\a cdsLibManager->viewLineEdit->value = "layout"
\a cdsLibManager->cellLineEdit->value = ""
\a cdsLibManager->cellListBox->value = nil
\a cdsLibManager->viewLineEdit->value = ""
\a cdsLibManager->viewListBox->value = nil
\a cdsLibManager->cellListBox->value = "16bitcpu"
\a cdsLibManager->cellLineEdit->value = "16bitcpu"
\a cdsLibManager->viewListBox->value = "layout"
\a cdsLibManager->viewLineEdit->value = "layout"
\a cdsLibManager->viewLineEdit->value = ""
\a cdsLibManager->viewListBox->value = nil
\a cdsLibManager->viewListBox->value = "layout"
\a cdsLibManager->viewLineEdit->value = "layout"
\a _lmSetFilter( 'cell "16bitcpu")
\o Cell filter set to "sixteen"
\a cdsLibManager->libListBox->value = nil
\a cdsLibManager->libLineEdit->value = ""
\a cdsLibManager->cellListBox->value = nil
\a cdsLibManager->viewLineEdit->value = ""
\a cdsLibManager->viewListBox->value = nil
\a cdsLibManager->cellLineEdit->value = ""
\w Warning: LIB sixteencpu from File /home/u1367608/cs6710/VSLI_Project/tsmc_template/virtuoso/cds.lib Line 14 redefines
\w LIB sixteencpu from the same file (defined earlier.)
\w Warning: LIB 16bitcpu from File /home/u1367608/cs6710/VSLI_Project/tsmc_template/virtuoso/cds.lib Line 17 redefines
\w LIB 16bitcpu from the same file (defined earlier.)
\w Warning: LIB 16bitcpu from File /home/u1367608/cs6710/VSLI_Project/tsmc_template/virtuoso/cds.lib Line 18 redefines
\w LIB 16bitcpu from the same file (defined earlier.)
\w Warning: The directory: '/home/u1367608/cs6710/VSLI_Project/tsmc_template/virtuoso/sixteenbit' does not exist
\w 	but was defined in libFile '/home/u1367608/cs6710/VSLI_Project/tsmc_template/virtuoso/cds.lib' for Lib 'sixteenbit'.
\w Warning: The directory: '/home/u1367608/cs6710/VSLI_Project/tsmc_template/virtuoso/sixteencpu' does not exist
\w 	but was defined in libFile '/home/u1367608/cs6710/VSLI_Project/tsmc_template/virtuoso/cds.lib' for Lib 'sixteencpu'.
\w Warning: The directory: '/home/u1367608/cs6710/VSLI_Project/tsmc_template/virtuoso/cpusixteen' does not exist
\w 	but was defined in libFile '/home/u1367608/cs6710/VSLI_Project/tsmc_template/virtuoso/cds.lib' for Lib 'cpusixteen'.
\a cdsLibManager->libListBox->value = "16bitcpu"
\a cdsLibManager->libLineEdit->value = "16bitcpu"
\a _lmSetFilter( 'cell "sixteen")
\o Cell filter set to "sixtee"
\a cdsLibManager->libListBox->value = nil
\a cdsLibManager->libLineEdit->value = ""
\w Warning: LIB sixteencpu from File /home/u1367608/cs6710/VSLI_Project/tsmc_template/virtuoso/cds.lib Line 14 redefines
\w LIB sixteencpu from the same file (defined earlier.)
\w Warning: LIB 16bitcpu from File /home/u1367608/cs6710/VSLI_Project/tsmc_template/virtuoso/cds.lib Line 17 redefines
\w LIB 16bitcpu from the same file (defined earlier.)
\w Warning: LIB 16bitcpu from File /home/u1367608/cs6710/VSLI_Project/tsmc_template/virtuoso/cds.lib Line 18 redefines
\w LIB 16bitcpu from the same file (defined earlier.)
\w Warning: The directory: '/home/u1367608/cs6710/VSLI_Project/tsmc_template/virtuoso/sixteenbit' does not exist
\w 	but was defined in libFile '/home/u1367608/cs6710/VSLI_Project/tsmc_template/virtuoso/cds.lib' for Lib 'sixteenbit'.
\w Warning: The directory: '/home/u1367608/cs6710/VSLI_Project/tsmc_template/virtuoso/sixteencpu' does not exist
\w 	but was defined in libFile '/home/u1367608/cs6710/VSLI_Project/tsmc_template/virtuoso/cds.lib' for Lib 'sixteencpu'.
\w Warning: The directory: '/home/u1367608/cs6710/VSLI_Project/tsmc_template/virtuoso/cpusixteen' does not exist
\w 	but was defined in libFile '/home/u1367608/cs6710/VSLI_Project/tsmc_template/virtuoso/cds.lib' for Lib 'cpusixteen'.
\a cdsLibManager->libListBox->value = "16bitcpu"
\a cdsLibManager->libLineEdit->value = "16bitcpu"
\a _lmSetFilter( 'cell "sixtee")
\o Cell filter set to ""
\a cdsLibManager->libListBox->value = nil
\a cdsLibManager->libLineEdit->value = ""
\w Warning: LIB sixteencpu from File /home/u1367608/cs6710/VSLI_Project/tsmc_template/virtuoso/cds.lib Line 14 redefines
\w LIB sixteencpu from the same file (defined earlier.)
\w Warning: LIB 16bitcpu from File /home/u1367608/cs6710/VSLI_Project/tsmc_template/virtuoso/cds.lib Line 17 redefines
\w LIB 16bitcpu from the same file (defined earlier.)
\w Warning: LIB 16bitcpu from File /home/u1367608/cs6710/VSLI_Project/tsmc_template/virtuoso/cds.lib Line 18 redefines
\w LIB 16bitcpu from the same file (defined earlier.)
\w Warning: The directory: '/home/u1367608/cs6710/VSLI_Project/tsmc_template/virtuoso/sixteenbit' does not exist
\w 	but was defined in libFile '/home/u1367608/cs6710/VSLI_Project/tsmc_template/virtuoso/cds.lib' for Lib 'sixteenbit'.
\w Warning: The directory: '/home/u1367608/cs6710/VSLI_Project/tsmc_template/virtuoso/sixteencpu' does not exist
\w 	but was defined in libFile '/home/u1367608/cs6710/VSLI_Project/tsmc_template/virtuoso/cds.lib' for Lib 'sixteencpu'.
\w Warning: The directory: '/home/u1367608/cs6710/VSLI_Project/tsmc_template/virtuoso/cpusixteen' does not exist
\w 	but was defined in libFile '/home/u1367608/cs6710/VSLI_Project/tsmc_template/virtuoso/cds.lib' for Lib 'cpusixteen'.
\a cdsLibManager->libListBox->value = "16bitcpu"
\a cdsLibManager->libLineEdit->value = "16bitcpu"
\a _lmSetFilter( 'cell "")
\a cdsLibManager->cellComboFilter->value = ""
\a cdsLibManager->cellListBox->value = "controlFSM"
\a cdsLibManager->cellLineEdit->value = "controlFSM"
\a cdsLibManager->cellListBox->value = "VIA2NORTH"
\a cdsLibManager->cellLineEdit->value = "VIA2NORTH"
\a cdsLibManager->viewListBox->value = "layout"
\a cdsLibManager->viewLineEdit->value = "layout"
\a cdsLibManager->cellListBox->value = "RegisterFile_16_4_0000_5fff_6ffe_cffd"
\a cdsLibManager->cellLineEdit->value = "RegisterFile_16_4_0000_5fff_6ffe_cffd"
\a cdsLibManager->viewLineEdit->value = ""
\a cdsLibManager->viewListBox->value = nil
\a cdsLibManager->cellListBox->value = "arrozYlecheCPU"
\a cdsLibManager->cellLineEdit->value = "arrozYlecheCPU"
\a cdsLibManager->cellListBox->value = "VIA2NORTH"
\a cdsLibManager->cellLineEdit->value = "VIA2NORTH"
\a cdsLibManager->viewListBox->value = "layout"
\a cdsLibManager->viewLineEdit->value = "layout"
\a cdsLibManager->cellListBox->value = "RegisterFile_16_4_0000_5fff_6ffe_cffd"
\a cdsLibManager->cellLineEdit->value = "RegisterFile_16_4_0000_5fff_6ffe_cffd"
\a cdsLibManager->viewLineEdit->value = ""
\a cdsLibManager->viewListBox->value = nil
\a cdsLibManager->cellListBox->value = "sixteenbitcpu_top_pads"
\a cdsLibManager->cellLineEdit->value = "sixteenbitcpu_top_pads"
\a cdsLibManager->cellLineEdit->value = ""
\a cdsLibManager->cellListBox->value = nil
\a cdsLibManager->cellListBox->value = "sixteenbitcpu_top_pads"
\a cdsLibManager->cellLineEdit->value = "sixteenbitcpu_top_pads"
\a cdsLibManager->viewListBox->value = "schematic"
\a cdsLibManager->viewLineEdit->value = "schematic"
\o MPS request: edit design
\a nrListItemAction(cdsLibManager->gdmXTView 0 0)
\a nrSetCurrentWindow(cdsLibManager)
\a nrSetWindowVisibility(cdsLibManager "hide")
\a nrSetWindowVisibility(cdsLibManager "show")
\a nrSetCurrentWindow(cdsLibManager)
\a cdsLibManager->viewLineEdit->value = ""
\a cdsLibManager->viewListBox->value = nil
\a lmgrLogShowPopup("mainListPopup1" 56 130 2 "sixteenbitcpu_top_pads")
\a cdsLibManager->copySimpleButton->value = t
\a copyCellForm->SkipLibrariesEdit->value = "*"
\a copyCellForm->SkipLibrariesEdit->value = "*"
\a copyCellForm->CopyFromLibrary->value = "16bitcpu"
\a copyCellForm->CopyToLibrary->value = "16bitcpu"
\a copyCellForm->CopyFromCell->value = "sixteenbitcpu_top_pads"
\a copyCellForm->CopyToCell->value = "sixteenbitcpu_top_pads"
\a copyCellForm->ViewsToCopy->value = "schematic symbol"
\a copyCellForm->SkipLibrariesEdit->value = ""
\a copyCellForm->SkipLibrariesEdit->value = "PADS_LIB SC_LIB analogLib basic cdsDefTechLib rf2hsm1wm1 sealring tsmc18"
\a nrSetWindowVisibility(copyCellForm "show")
\a nrSetCurrentWindow(copyCellForm)
\a nrSetCurrentWindow(copyCellForm)
\a nrResizeWindow(copyCellForm list(392 28 468 659))
\a nrSetCurrentWindow(cdsLibManager)
\a nrResizeWindow(copyCellForm list(392 -9 468 659))
