
Cadence Innovus(TM) Implementation System.
Copyright 2020 Cadence Design Systems, Inc. All rights reserved worldwide.

Version:	v20.15-s105_1, built Tue Jul 27 14:15:35 PDT 2021
Options:	
Date:		Fri Dec  2 16:40:18 2022
Host:		lab1-23.eng.utah.edu (x86_64 w/Linux 4.18.0-372.19.1.el8_6.x86_64) (8cores*16cpus*Intel(R) Core(TM) i7-10700 CPU @ 2.90GHz 16384KB)
OS:		Red Hat Enterprise Linux release 8.6 (Ootpa)

License:
		invs	Innovus Implementation System	20.1	checkout succeeded
		8 CPU jobs allowed with the current license(s). Use setMultiCpuUsage to set your required CPU count.
Change the soft stacksize limit to 0.2%RAM (128 mbytes). Set global soft_stack_size_limit to change the value.

**INFO:  MMMC transition support version v31-84 

<CMD> set_global _enable_mmmc_by_default_flow      $CTE::mmmc_default
<CMD> suppressMessage ENCEXT-2799
<CMD> win

--------------------------------------------------------------------------------
Exiting Innovus on Fri Dec  2 16:40:34 2022
  Total CPU time:     0:00:10
  Total real time:    0:00:17
  Peak memory (main): 816.00MB


*** Memory Usage v#1 (Current mem = 762.074M, initial mem = 290.191M) ***
*** Message Summary: 0 warning(s), 0 error(s)

--- Ending "Innovus" (totcpu=0:00:10.1, real=0:00:16.0, mem=762.1M) ---
