
Cadence Innovus(TM) Implementation System.
Copyright 2020 Cadence Design Systems, Inc. All rights reserved worldwide.

Version:	v20.15-s105_1, built Tue Jul 27 14:15:35 PDT 2021
Options:	
Date:		Fri Dec  2 12:17:16 2022
Host:		lab1-20.eng.utah.edu (x86_64 w/Linux 4.18.0-372.26.1.el8_6.x86_64) (8cores*16cpus*Intel(R) Core(TM) i7-10700 CPU @ 2.90GHz 16384KB)
OS:		Red Hat Enterprise Linux release 8.6 (Ootpa)

License:
		invs	Innovus Implementation System	20.1	checkout succeeded
		8 CPU jobs allowed with the current license(s). Use setMultiCpuUsage to set your required CPU count.
Change the soft stacksize limit to 0.2%RAM (128 mbytes). Set global soft_stack_size_limit to change the value.

**INFO:  MMMC transition support version v31-84 

<CMD> set_global _enable_mmmc_by_default_flow      $CTE::mmmc_default
<CMD> suppressMessage ENCEXT-2799
<CMD> win
<CMD> set init_lef_file {/research/ece/lnis-teaching/Designkits/tsmc180nm/full_custom_lib/lef/tech.lef /research/ece/lnis-teaching/Designkits/tsmc180nm/full_custom_lib/lef/sclib_tsmc180.lef /research/ece/lnis-teaching/Designkits/tsmc180nm/full_custom_lib/lef/padlib_tsmc180.lef /research/ece/lnis-teaching/Designkits/tsmc180nm/arm_ip/rf2hs8x8/rf2hsm1wm1.vclef /research/ece/lnis-teaching/Designkits/tsmc180nm/arm_ip/rf2hs8x8/rf2hsm1wm1_ant.lef}
<CMD> set init_mmmc_file 16bitcpu.view
<CMD> save_global CONF/16bitcpu_final.globals
<CMD> set init_gnd_net VSS
<CMD> set init_verilog {../../CheckPoint3/arrozYlecheCPU.v ../design_compiler/HDL/GATE/16bitcpu_mapped.v}
<CMD> set init_pwr_net VDD
<CMD> init_design
**ERROR: (IMPSYT-6284):	Failed to open file 16bitcpu.view for read.

Loading LEF file /research/ece/lnis-teaching/Designkits/tsmc180nm/full_custom_lib/lef/tech.lef ...

Loading LEF file /research/ece/lnis-teaching/Designkits/tsmc180nm/full_custom_lib/lef/sclib_tsmc180.lef ...
Set DBUPerIGU to M2 pitch 1120.

Loading LEF file /research/ece/lnis-teaching/Designkits/tsmc180nm/full_custom_lib/lef/padlib_tsmc180.lef ...

Loading LEF file /research/ece/lnis-teaching/Designkits/tsmc180nm/arm_ip/rf2hs8x8/rf2hsm1wm1.vclef ...
WARNING (LEFPARS-2007): NAMESCASESENSITIVE statement is obsolete in version 5.6 and later.
The LEF parser will ignore this statement.
To avoid this warning in the future, remove this statement from the LEF file with version 5.6 or later. See file /research/ece/lnis-teaching/Designkits/tsmc180nm/arm_ip/rf2hs8x8/rf2hsm1wm1.vclef at line 12.
WARNING (LEFPARS-2001): No VERSION statement found, using the default value 5.8. See file /research/ece/lnis-teaching/Designkits/tsmc180nm/arm_ip/rf2hs8x8/rf2hsm1wm1.vclef at line 1034.

Loading LEF file /research/ece/lnis-teaching/Designkits/tsmc180nm/arm_ip/rf2hs8x8/rf2hsm1wm1_ant.lef ...
**WARN: (IMPLF-58):	MACRO 'rf2hsm1wm1' has been found in the database. Its content except DENSITY and PIN ANTENNA* data, and certain properties, will be ignored.
Review the LEF files specified in the init_lef_file variable and remove redundant definitions.
Type 'man IMPLF-58' for more detail.
WARNING (LEFPARS-2001): No VERSION statement found, using the default value 5.8. See file /research/ece/lnis-teaching/Designkits/tsmc180nm/arm_ip/rf2hs8x8/rf2hsm1wm1_ant.lef at line 81.
**WARN: (IMPLF-61):	1 duplicated MACRO definitions have been found in the LEF file(s). Their content except DENSITY and PIN ANTENNA* data, and certain properties, have been ignored.
Review the LEF files specified in the init_lef_file variable and remove redundant definitions.
Type 'man IMPLF-61' for more detail.
**WARN: (IMPLF-201):	Pin 'QA[0]' in macro 'rf2hsm1wm1' has no ANTENNADIFFAREA value defined. The library data is incomplete and some process antenna rules will not be checked correctly.
Type 'man IMPLF-201' for more detail.
**WARN: (IMPLF-201):	Pin 'QA[1]' in macro 'rf2hsm1wm1' has no ANTENNADIFFAREA value defined. The library data is incomplete and some process antenna rules will not be checked correctly.
Type 'man IMPLF-201' for more detail.
**WARN: (IMPLF-201):	Pin 'QA[2]' in macro 'rf2hsm1wm1' has no ANTENNADIFFAREA value defined. The library data is incomplete and some process antenna rules will not be checked correctly.
Type 'man IMPLF-201' for more detail.
**WARN: (IMPLF-201):	Pin 'QA[3]' in macro 'rf2hsm1wm1' has no ANTENNADIFFAREA value defined. The library data is incomplete and some process antenna rules will not be checked correctly.
Type 'man IMPLF-201' for more detail.
**WARN: (IMPLF-201):	Pin 'QA[4]' in macro 'rf2hsm1wm1' has no ANTENNADIFFAREA value defined. The library data is incomplete and some process antenna rules will not be checked correctly.
Type 'man IMPLF-201' for more detail.
**WARN: (IMPLF-201):	Pin 'QA[5]' in macro 'rf2hsm1wm1' has no ANTENNADIFFAREA value defined. The library data is incomplete and some process antenna rules will not be checked correctly.
Type 'man IMPLF-201' for more detail.
**WARN: (IMPLF-201):	Pin 'QA[6]' in macro 'rf2hsm1wm1' has no ANTENNADIFFAREA value defined. The library data is incomplete and some process antenna rules will not be checked correctly.
Type 'man IMPLF-201' for more detail.
**WARN: (IMPLF-201):	Pin 'QA[7]' in macro 'rf2hsm1wm1' has no ANTENNADIFFAREA value defined. The library data is incomplete and some process antenna rules will not be checked correctly.
Type 'man IMPLF-201' for more detail.
**WARN: (IMPLF-200):	Pin 'DataOut' in macro 'pad_out' has no ANTENNAGATEAREA value defined. The library data is incomplete and some process antenna rules will not be checked correctly.
Type 'man IMPLF-200' for more detail.
**WARN: (IMPLF-201):	Pin 'pad' in macro 'pad_out' has no ANTENNADIFFAREA value defined. The library data is incomplete and some process antenna rules will not be checked correctly.
Type 'man IMPLF-201' for more detail.
**WARN: (IMPLF-200):	Pin 'pad' in macro 'pad_out' has no ANTENNAGATEAREA value defined. The library data is incomplete and some process antenna rules will not be checked correctly.
Type 'man IMPLF-200' for more detail.
**WARN: (IMPLF-201):	Pin 'DataIn' in macro 'pad_in' has no ANTENNADIFFAREA value defined. The library data is incomplete and some process antenna rules will not be checked correctly.
Type 'man IMPLF-201' for more detail.
**WARN: (IMPLF-201):	Pin 'pad' in macro 'pad_in' has no ANTENNADIFFAREA value defined. The library data is incomplete and some process antenna rules will not be checked correctly.
Type 'man IMPLF-201' for more detail.
**WARN: (IMPLF-200):	Pin 'pad' in macro 'pad_in' has no ANTENNAGATEAREA value defined. The library data is incomplete and some process antenna rules will not be checked correctly.
Type 'man IMPLF-200' for more detail.
**WARN: (IMPLF-201):	Pin 'DataIn' in macro 'pad_bidirhe' has no ANTENNADIFFAREA value defined. The library data is incomplete and some process antenna rules will not be checked correctly.
Type 'man IMPLF-201' for more detail.
**WARN: (IMPLF-200):	Pin 'DataOut' in macro 'pad_bidirhe' has no ANTENNAGATEAREA value defined. The library data is incomplete and some process antenna rules will not be checked correctly.
Type 'man IMPLF-200' for more detail.
**WARN: (IMPLF-200):	Pin 'EN' in macro 'pad_bidirhe' has no ANTENNAGATEAREA value defined. The library data is incomplete and some process antenna rules will not be checked correctly.
Type 'man IMPLF-200' for more detail.
**WARN: (IMPLF-201):	Pin 'pad' in macro 'pad_bidirhe' has no ANTENNADIFFAREA value defined. The library data is incomplete and some process antenna rules will not be checked correctly.
Type 'man IMPLF-201' for more detail.
**WARN: (IMPLF-200):	Pin 'pad' in macro 'pad_bidirhe' has no ANTENNAGATEAREA value defined. The library data is incomplete and some process antenna rules will not be checked correctly.
Type 'man IMPLF-200' for more detail.
**WARN: (IMPLF-201):	Pin 'Z' in macro 'XOR2X1' has no ANTENNADIFFAREA value defined. The library data is incomplete and some process antenna rules will not be checked correctly.
Type 'man IMPLF-201' for more detail.
**WARN: (IMPLF-200):	Pin 'B' in macro 'XOR2X1' has no ANTENNAGATEAREA value defined. The library data is incomplete and some process antenna rules will not be checked correctly.
Type 'man IMPLF-200' for more detail.
**WARN: (IMPLF-200):	Pin 'A' in macro 'XOR2X1' has no ANTENNAGATEAREA value defined. The library data is incomplete and some process antenna rules will not be checked correctly.
Type 'man IMPLF-200' for more detail.
**WARN: (IMPLF-201):	Pin 'Z' in macro 'TIE1' has no ANTENNADIFFAREA value defined. The library data is incomplete and some process antenna rules will not be checked correctly.
Type 'man IMPLF-201' for more detail.
**WARN: (IMPLF-201):	Pin 'Z' in macro 'TIE0' has no ANTENNADIFFAREA value defined. The library data is incomplete and some process antenna rules will not be checked correctly.
Type 'man IMPLF-201' for more detail.
**WARN: (IMPLF-201):	Pin 'Z' in macro 'OR2X1' has no ANTENNADIFFAREA value defined. The library data is incomplete and some process antenna rules will not be checked correctly.
Type 'man IMPLF-201' for more detail.
**WARN: (IMPLF-200):	Pin 'B' in macro 'OR2X1' has no ANTENNAGATEAREA value defined. The library data is incomplete and some process antenna rules will not be checked correctly.
Type 'man IMPLF-200' for more detail.
**WARN: (IMPLF-200):	Pin 'A' in macro 'OR2X1' has no ANTENNAGATEAREA value defined. The library data is incomplete and some process antenna rules will not be checked correctly.
Type 'man IMPLF-200' for more detail.
**WARN: (IMPLF-201):	Pin 'Z' in macro 'NOR2X1' has no ANTENNADIFFAREA value defined. The library data is incomplete and some process antenna rules will not be checked correctly.
Type 'man IMPLF-201' for more detail.
**WARN: (IMPLF-200):	Pin 'B' in macro 'NOR2X1' has no ANTENNAGATEAREA value defined. The library data is incomplete and some process antenna rules will not be checked correctly.
Type 'man IMPLF-200' for more detail.
**WARN: (IMPLF-200):	Pin 'A' in macro 'NOR2X1' has no ANTENNAGATEAREA value defined. The library data is incomplete and some process antenna rules will not be checked correctly.
Type 'man IMPLF-200' for more detail.
**WARN: (IMPLF-200):	Pin 'A' in macro 'NAND3X1' has no ANTENNAGATEAREA value defined. The library data is incomplete and some process antenna rules will not be checked correctly.
Type 'man IMPLF-200' for more detail.
**WARN: (IMPLF-201):	Pin 'Z' in macro 'NAND3X1' has no ANTENNADIFFAREA value defined. The library data is incomplete and some process antenna rules will not be checked correctly.
Type 'man IMPLF-201' for more detail.
**WARN: (IMPLF-200):	Pin 'C' in macro 'NAND3X1' has no ANTENNAGATEAREA value defined. The library data is incomplete and some process antenna rules will not be checked correctly.
Type 'man IMPLF-200' for more detail.
**WARN: (IMPLF-200):	Pin 'B' in macro 'NAND3X1' has no ANTENNAGATEAREA value defined. The library data is incomplete and some process antenna rules will not be checked correctly.
Type 'man IMPLF-200' for more detail.
**WARN: (IMPLF-201):	Pin 'Z' in macro 'NAND2X1' has no ANTENNADIFFAREA value defined. The library data is incomplete and some process antenna rules will not be checked correctly.
Type 'man IMPLF-201' for more detail.
**WARN: (IMPLF-200):	Pin 'B' in macro 'NAND2X1' has no ANTENNAGATEAREA value defined. The library data is incomplete and some process antenna rules will not be checked correctly.
Type 'man IMPLF-200' for more detail.
**WARN: (IMPLF-200):	Pin 'A' in macro 'NAND2X1' has no ANTENNAGATEAREA value defined. The library data is incomplete and some process antenna rules will not be checked correctly.
Type 'man IMPLF-200' for more detail.
**WARN: (EMS-27):	Message (IMPLF-201) has exceeded the current message display limit of 20.
To increase the message display limit, refer to the product command reference manual.
**WARN: (IMPLF-200):	Pin 'S' in macro 'MUX2X1' has no ANTENNAGATEAREA value defined. The library data is incomplete and some process antenna rules will not be checked correctly.
Type 'man IMPLF-200' for more detail.
**WARN: (IMPLF-200):	Pin 'B' in macro 'MUX2X1' has no ANTENNAGATEAREA value defined. The library data is incomplete and some process antenna rules will not be checked correctly.
Type 'man IMPLF-200' for more detail.
**WARN: (IMPLF-200):	Pin 'A' in macro 'MUX2X1' has no ANTENNAGATEAREA value defined. The library data is incomplete and some process antenna rules will not be checked correctly.
Type 'man IMPLF-200' for more detail.
**WARN: (EMS-27):	Message (IMPLF-200) has exceeded the current message display limit of 20.
To increase the message display limit, refer to the product command reference manual.

viaInitial starts at Fri Dec  2 14:37:12 2022
viaInitial ends at Fri Dec  2 14:37:12 2022

##  Check design process and node:  
##  Both design process and tech node are not set.

Loading view definition file from 16bitcpu.view
*** End library_loading (cpu=0.00min, real=0.00min, mem=0.0M, fe_cpu=18.92min, fe_real=139.95min, fe_mem=804.9M) ***
#% Begin Load netlist data ... (date=12/02 14:37:12, mem=839.2M)
*** Begin netlist parsing (mem=804.9M) ***
Created 0 new cells from 0 timing libraries.
Reading netlist ...
Backslashed names will retain backslash and a trailing blank character.
**ERROR: (IMPVL-209):	In Verilog file '../../CheckPoint3/arrozYlecheCPU.v', check line 1 near the text # for the issue: 'syntax error'.  Update the text accordingly.
Type 'man IMPVL-209' for more detail.
Verilog file '../../CheckPoint3/arrozYlecheCPU.v' has errors!  See above.
**INFO (INTERRUPT): One more Ctrl-C to exit Innovus ...
Innovus terminated by user interrupt.

*** Memory Usage v#1 (Current mem = 807.918M, initial mem = 290.164M) ***
*** Message Summary: 76 warning(s), 3 error(s)

--- Ending "Innovus" (totcpu=0:18:55, real=2:21:17, mem=807.9M) ---
